<?xml version="1.0" encoding="UTF-8"?>
<!-- Generated by org.testng.reporters.JUnitReportReporter -->
<testsuite skipped="0" hostname="Latifs-MBP.home" name="com.tests.LoginTest2" tests="1" failures="0" timestamp="05 Apr 2021 11:26:40 GMT" time="0.013" errors="0">
  <testcase name="LogginTest" time="0.013" classname="com.tests.LoginTest2"/>
</testsuite> <!-- com.tests.LoginTest2 -->
