<?xml version="1.0" encoding="UTF-8"?>
<!-- Generated by org.testng.reporters.JUnitReportReporter -->
<testsuite hostname="Latifs-MBP.home" name="com.testng.tv.Log4jDemo" tests="1" failures="0" timestamp="23 Aug 2020 19:21:28 GMT" time="0.012" errors="0">
  <testcase name="TestCase1" time="0.012" classname="com.testng.tv.Log4jDemo"/>
</testsuite> <!-- com.testng.tv.Log4jDemo -->
