<?xml version="1.0" encoding="UTF-8"?>
<!-- Generated by org.testng.reporters.JUnitReportReporter -->
<testsuite skipped="0" hostname="Latifs-MBP.home" name="com.mytestng.TestNGP" tests="1" failures="0" timestamp="13 Jul 2019 12:33:31 GMT" time="0.010" errors="0">
  <testcase name="f" time="0.010" classname="com.mytestng.TestNGP"/>
</testsuite> <!-- com.mytestng.TestNGP -->
