<?xml version="1.0" encoding="UTF-8"?>
<!-- Generated by org.testng.reporters.JUnitReportReporter -->
<testsuite skipped="0" hostname="Latifs-MBP.home" name="com.examples.testng.techvillege.SampleClassDataProvider" tests="1" failures="0" timestamp="13 Mar 2021 17:20:43 GMT" time="0.010" errors="0">
  <testcase name="testMethod" time="0.010" classname="com.examples.testng.techvillege.SampleClassDataProvider"/>
</testsuite> <!-- com.examples.testng.techvillege.SampleClassDataProvider -->
