<?xml version="1.0" encoding="UTF-8"?>
<!-- Generated by org.testng.reporters.JUnitReportReporter -->
<testsuite skipped="0" hostname="Latifs-MBP.home" name="com.examples.testng.techvillege.Grouping" tests="5" failures="0" timestamp="23 Jun 2019 14:05:19 GMT" time="0.019" errors="0">
  <testcase name="Sedan1" time="0.001" classname="com.examples.testng.techvillege.Grouping"/>
  <testcase name="Scooter1" time="0.001" classname="com.examples.testng.techvillege.Grouping"/>
  <testcase name="Car1" time="0.013" classname="com.examples.testng.techvillege.Grouping"/>
  <testcase name="Scooter2" time="0.002" classname="com.examples.testng.techvillege.Grouping"/>
  <testcase name="Car2" time="0.002" classname="com.examples.testng.techvillege.Grouping"/>
</testsuite> <!-- com.examples.testng.techvillege.Grouping -->
