<?xml version="1.0" encoding="UTF-8"?>
<!-- Generated by org.testng.reporters.JUnitReportReporter -->
<testsuite skipped="0" hostname="Latifs-MBP.home" name="com.examples.testng.techvillege.TestingParameters" tests="1" failures="0" timestamp="29 Jun 2019 13:55:20 GMT" time="10.676" errors="0">
  <testcase name="faceBookTest" time="10.676" classname="com.examples.testng.techvillege.TestingParameters"/>
</testsuite> <!-- com.examples.testng.techvillege.TestingParameters -->
