<?xml version="1.0" encoding="UTF-8"?>
<!-- Generated by org.testng.reporters.JUnitReportReporter -->
<testsuite skipped="0" hostname="Latifs-MBP.home" name="com.examples.testng.techvillege.MyTest6" tests="4" failures="0" timestamp="23 Jun 2019 12:44:23 GMT" time="0.027" errors="0">
  <testcase name="TestLogon" time="0.023" classname="com.examples.testng.techvillege.MyTest6"/>
  <testcase name="CheckingAccountBalance" time="0.002" classname="com.examples.testng.techvillege.MyTest6"/>
  <testcase name="SavingAccountBalance" time="0.001" classname="com.examples.testng.techvillege.MyTest6"/>
  <testcase name="CreditAccountBalance" time="0.001" classname="com.examples.testng.techvillege.MyTest6"/>
</testsuite> <!-- com.examples.testng.techvillege.MyTest6 -->
