<?xml version="1.0" encoding="UTF-8"?>
<!-- Generated by org.testng.reporters.JUnitReportReporter -->
<testsuite skipped="0" hostname="Latifs-MBP.home" name="com.examples.testng.techvillege.TestNGScript1" tests="1" failures="0" timestamp="21 Jun 2019 19:34:54 GMT" time="0.017" errors="0">
  <testcase name="HelloWorld" time="0.017" classname="com.examples.testng.techvillege.TestNGScript1"/>
</testsuite> <!-- com.examples.testng.techvillege.TestNGScript1 -->
